{"contracts/lottery.sol":{"l":{"57":3,"58":3,"59":3,"60":3,"61":3,"62":3,"63":3,"64":3,"68":15,"69":1,"71":14,"72":1,"75":13,"76":13,"97":9,"98":9,"99":9,"100":9,"101":9,"110":6,"111":6,"112":1,"118":5,"123":5,"130":5,"142":0,"143":0,"144":0,"145":0,"146":0,"147":0,"148":0,"150":0,"151":0,"153":0,"158":14,"162":1,"168":3,"172":0,"176":0,"180":0,"184":1,"188":15,"192":0},"path":"/home/prince/ether-projects/smart-contract-lottery/contracts/lottery.sol","s":{"1":15,"2":14,"3":13,"4":13,"5":9,"6":9,"7":9,"8":9,"9":6,"10":6,"11":5,"12":5,"13":0,"14":0,"15":0,"16":0,"17":0,"18":14,"19":1,"20":3,"21":0,"22":0,"23":0,"24":1,"25":15,"26":0},"b":{"1":[1,14],"2":[1,13],"3":[1,5],"4":[0,0]},"f":{"1":3,"2":15,"3":9,"4":6,"5":0,"6":14,"7":1,"8":3,"9":0,"10":0,"11":0,"12":1,"13":15,"14":0},"fnMap":{"1":{"name":"constructor","line":56,"loc":{"start":{"line":49,"column":4},"end":{"line":65,"column":4}}},"2":{"name":"enterRaffle","line":67,"loc":{"start":{"line":67,"column":4},"end":{"line":77,"column":4}}},"3":{"name":"checkUpkeep","line":89,"loc":{"start":{"line":89,"column":4},"end":{"line":102,"column":4}}},"4":{"name":"performUpkeep","line":109,"loc":{"start":{"line":109,"column":4},"end":{"line":131,"column":4}}},"5":{"name":"fulfillRandomWords","line":138,"loc":{"start":{"line":138,"column":4},"end":{"line":154,"column":4}}},"6":{"name":"getEntranceFee","line":157,"loc":{"start":{"line":157,"column":4},"end":{"line":159,"column":4}}},"7":{"name":"getPlayer","line":161,"loc":{"start":{"line":161,"column":4},"end":{"line":163,"column":4}}},"8":{"name":"getLotteryState","line":167,"loc":{"start":{"line":167,"column":4},"end":{"line":169,"column":4}}},"9":{"name":"getNumWords","line":171,"loc":{"start":{"line":171,"column":4},"end":{"line":173,"column":4}}},"10":{"name":"getRequestConfirmations","line":175,"loc":{"start":{"line":175,"column":4},"end":{"line":177,"column":4}}},"11":{"name":"getRecentWinner","line":179,"loc":{"start":{"line":179,"column":4},"end":{"line":181,"column":4}}},"12":{"name":"getLastTimeStamp","line":183,"loc":{"start":{"line":183,"column":4},"end":{"line":185,"column":4}}},"13":{"name":"getInterval","line":187,"loc":{"start":{"line":187,"column":4},"end":{"line":189,"column":4}}},"14":{"name":"getNumberOfPlayers","line":191,"loc":{"start":{"line":191,"column":4},"end":{"line":193,"column":4}}}},"statementMap":{"1":{"start":{"line":68,"column":8},"end":{"line":68,"column":2109}},"2":{"start":{"line":71,"column":8},"end":{"line":71,"column":2197}},"3":{"start":{"line":75,"column":8},"end":{"line":75,"column":42}},"4":{"start":{"line":76,"column":8},"end":{"line":76,"column":38}},"5":{"start":{"line":97,"column":8},"end":{"line":97,"column":59}},"6":{"start":{"line":98,"column":8},"end":{"line":98,"column":76}},"7":{"start":{"line":99,"column":8},"end":{"line":99,"column":48}},"8":{"start":{"line":100,"column":8},"end":{"line":100,"column":51}},"9":{"start":{"line":110,"column":8},"end":{"line":110,"column":47}},"10":{"start":{"line":111,"column":8},"end":{"line":111,"column":3619}},"11":{"start":{"line":123,"column":8},"end":{"line":123,"column":4001}},"12":{"start":{"line":130,"column":8},"end":{"line":130,"column":46}},"13":{"start":{"line":142,"column":8},"end":{"line":142,"column":65}},"14":{"start":{"line":143,"column":8},"end":{"line":143,"column":63}},"15":{"start":{"line":148,"column":8},"end":{"line":148,"column":78}},"16":{"start":{"line":150,"column":8},"end":{"line":150,"column":4939}},"17":{"start":{"line":153,"column":8},"end":{"line":153,"column":39}},"18":{"start":{"line":158,"column":8},"end":{"line":158,"column":28}},"19":{"start":{"line":162,"column":8},"end":{"line":162,"column":31}},"20":{"start":{"line":168,"column":8},"end":{"line":168,"column":29}},"21":{"start":{"line":172,"column":8},"end":{"line":172,"column":24}},"22":{"start":{"line":176,"column":8},"end":{"line":176,"column":36}},"23":{"start":{"line":180,"column":8},"end":{"line":180,"column":29}},"24":{"start":{"line":184,"column":8},"end":{"line":184,"column":30}},"25":{"start":{"line":188,"column":8},"end":{"line":188,"column":25}},"26":{"start":{"line":192,"column":8},"end":{"line":192,"column":31}}},"branchMap":{"1":{"line":68,"type":"if","locations":[{"start":{"line":68,"column":8},"end":{"line":68,"column":8}},{"start":{"line":68,"column":8},"end":{"line":68,"column":8}}]},"2":{"line":71,"type":"if","locations":[{"start":{"line":71,"column":8},"end":{"line":71,"column":8}},{"start":{"line":71,"column":8},"end":{"line":71,"column":8}}]},"3":{"line":111,"type":"if","locations":[{"start":{"line":111,"column":8},"end":{"line":111,"column":8}},{"start":{"line":111,"column":8},"end":{"line":111,"column":8}}]},"4":{"line":150,"type":"if","locations":[{"start":{"line":150,"column":8},"end":{"line":150,"column":8}},{"start":{"line":150,"column":8},"end":{"line":150,"column":8}}]}}},"contracts/test/VRFCoordinatorV2Mock.sol":{"l":{},"path":"/home/prince/ether-projects/smart-contract-lottery/contracts/test/VRFCoordinatorV2Mock.sol","s":{},"b":{},"f":{},"fnMap":{},"statementMap":{},"branchMap":{}}}