TN:
SF:/home/prince/ether-projects/smart-contract-lottery/contracts/lottery.sol
FN:56,constructor
FN:67,enterRaffle
FN:89,checkUpkeep
FN:109,performUpkeep
FN:138,fulfillRandomWords
FN:157,getEntranceFee
FN:161,getPlayer
FN:167,getLotteryState
FN:171,getNumWords
FN:175,getRequestConfirmations
FN:179,getRecentWinner
FN:183,getLastTimeStamp
FN:187,getInterval
FN:191,getNumberOfPlayers
FNF:14
FNH:9
FNDA:3,constructor
FNDA:15,enterRaffle
FNDA:9,checkUpkeep
FNDA:6,performUpkeep
FNDA:0,fulfillRandomWords
FNDA:14,getEntranceFee
FNDA:1,getPlayer
FNDA:3,getLotteryState
FNDA:0,getNumWords
FNDA:0,getRequestConfirmations
FNDA:0,getRecentWinner
FNDA:1,getLastTimeStamp
FNDA:15,getInterval
FNDA:0,getNumberOfPlayers
DA:57,3
DA:58,3
DA:59,3
DA:60,3
DA:61,3
DA:62,3
DA:63,3
DA:64,3
DA:68,15
DA:69,1
DA:71,14
DA:72,1
DA:75,13
DA:76,13
DA:97,9
DA:98,9
DA:99,9
DA:100,9
DA:101,9
DA:110,6
DA:111,6
DA:112,1
DA:118,5
DA:123,5
DA:130,5
DA:142,0
DA:143,0
DA:144,0
DA:145,0
DA:146,0
DA:147,0
DA:148,0
DA:150,0
DA:151,0
DA:153,0
DA:158,14
DA:162,1
DA:168,3
DA:172,0
DA:176,0
DA:180,0
DA:184,1
DA:188,15
DA:192,0
LF:44
LH:30
BRDA:68,1,0,1
BRDA:68,1,1,14
BRDA:71,2,0,1
BRDA:71,2,1,13
BRDA:111,3,0,1
BRDA:111,3,1,5
BRDA:150,4,0,0
BRDA:150,4,1,0
BRF:8
BRH:6
end_of_record
TN:
SF:/home/prince/ether-projects/smart-contract-lottery/contracts/test/VRFCoordinatorV2Mock.sol
FNF:0
FNH:0
LF:0
LH:0
BRF:0
BRH:0
end_of_record
